[debug] [2025-08-25T13:42:27.637Z] ----------------------------------------------------------------------
[debug] [2025-08-25T13:42:27.641Z] Command:       /nix/store/ws50yvm6vzlzf7jzz6n7xh4szddrack1-nodejs-20.19.1/bin/node /nix/store/4ba3nh7p56fsnidgr9jcqnpv4k7nwwrv-firebase-tools-14.12.0/lib/node_modules/firebase-tools/lib/bin/firebase.js init hosting
[debug] [2025-08-25T13:42:27.642Z] CLI Version:   14.12.0
[debug] [2025-08-25T13:42:27.643Z] Platform:      linux
[debug] [2025-08-25T13:42:27.643Z] Node Version:  v20.19.1
[debug] [2025-08-25T13:42:27.643Z] Time:          Mon Aug 25 2025 13:42:27 GMT+0000 (Coordinated Universal Time)
[debug] [2025-08-25T13:42:27.644Z] ----------------------------------------------------------------------
[debug] 
[debug] [2025-08-25T13:42:27.648Z] >>> [apiv2][query] GET https://firebase-public.firebaseio.com/cli.json [none]
[debug] [2025-08-25T13:42:27.728Z] No OAuth tokens found
[debug] [2025-08-25T13:42:27.728Z] No OAuth tokens found
[error] Failed to fetch Firebase Project from current Studio Workspace: Unable to refresh auth: not yet authenticated.
[debug] [2025-08-25T13:42:27.739Z] > command requires scopes: ["email","openid","https://www.googleapis.com/auth/cloudplatformprojects.readonly","https://www.googleapis.com/auth/firebase","https://www.googleapis.com/auth/cloud-platform","https://www.googleapis.com/auth/userinfo.email"]
[debug] [2025-08-25T13:42:27.677Z] ----------------------------------------------------------------------
[debug] [2025-08-25T13:42:27.681Z] Command:       /nix/store/ws50yvm6vzlzf7jzz6n7xh4szddrack1-nodejs-20.19.1/bin/node /nix/store/4ba3nh7p56fsnidgr9jcqnpv4k7nwwrv-firebase-tools-14.12.0/lib/node_modules/firebase-tools/lib/bin/firebase.js init hosting
[debug] [2025-08-25T13:42:27.682Z] CLI Version:   14.12.0
[debug] [2025-08-25T13:42:27.683Z] Platform:      linux
[debug] [2025-08-25T13:42:27.683Z] Node Version:  v20.19.1
[debug] [2025-08-25T13:42:27.683Z] Time:          Mon Aug 25 2025 13:42:27 GMT+0000 (Coordinated Universal Time)
[debug] [2025-08-25T13:42:27.684Z] ----------------------------------------------------------------------
[debug] 
[debug] [2025-08-25T13:42:27.688Z] >>> [apiv2][query] GET https://firebase-public.firebaseio.com/cli.json [none]
[debug] [2025-08-25T13:42:27.810Z] No OAuth tokens found
[debug] [2025-08-25T13:42:27.810Z] No OAuth tokens found
[error] Failed to fetch Firebase Project from current Studio Workspace: Unable to refresh auth: not yet authenticated.
[debug] [2025-08-25T13:42:27.836Z] > command requires scopes: ["email","openid","https://www.googleapis.com/auth/cloudplatformprojects.readonly","https://www.googleapis.com/auth/firebase","https://www.googleapis.com/auth/cloud-platform","https://www.googleapis.com/auth/userinfo.email"]
[debug] [2025-08-25T13:42:28.012Z] <<< [apiv2][status] GET https://firebase-public.firebaseio.com/cli.json 200
[debug] [2025-08-25T13:42:28.013Z] <<< [apiv2][body] GET https://firebase-public.firebaseio.com/cli.json {"cloudBuildErrorAfter":1594252800000,"cloudBuildWarnAfter":1590019200000,"defaultNode10After":1594252800000,"minVersion":"3.0.5","node8DeploysDisabledAfter":1613390400000,"node8RuntimeDisabledAfter":1615809600000,"node8WarnAfter":1600128000000}
[debug] [2025-08-25T13:42:28.091Z] <<< [apiv2][status] GET https://firebase-public.firebaseio.com/cli.json 200
[debug] [2025-08-25T13:42:28.093Z] <<< [apiv2][body] GET https://firebase-public.firebaseio.com/cli.json {"cloudBuildErrorAfter":1594252800000,"cloudBuildWarnAfter":1590019200000,"defaultNode10After":1594252800000,"minVersion":"3.0.5","node8DeploysDisabledAfter":1613390400000,"node8RuntimeDisabledAfter":1615809600000,"node8WarnAfter":1600128000000}
